[debug] [2024-07-15T05:03:48.871Z] ----------------------------------------------------------------------
[debug] [2024-07-15T05:03:48.877Z] Command:       C:\Program Files\nodejs\node.exe C:\Program Files\nodejs\node_modules\firebase-tools\lib\bin\firebase.js emulators:start --only functions
[debug] [2024-07-15T05:03:48.878Z] CLI Version:   13.13.2
[debug] [2024-07-15T05:03:48.879Z] Platform:      win32
[debug] [2024-07-15T05:03:48.879Z] Node Version:  v20.11.1
[debug] [2024-07-15T05:03:48.879Z] Time:          Mon Jul 15 2024 10:03:48 GMT+0500 (Pakistan Standard Time)
[debug] [2024-07-15T05:03:48.880Z] ----------------------------------------------------------------------
[debug] 
[debug] [2024-07-15T05:03:48.910Z] >>> [apiv2][query] GET https://firebase-public.firebaseio.com/cli.json [none]
[debug] [2024-07-15T05:03:49.149Z] > refreshing access token with scopes: []
[debug] [2024-07-15T05:03:49.150Z] >>> [apiv2][query] POST https://www.googleapis.com/oauth2/v3/token [none]
[debug] [2024-07-15T05:03:49.150Z] >>> [apiv2][body] POST https://www.googleapis.com/oauth2/v3/token [omitted]
[debug] [2024-07-15T05:03:49.670Z] <<< [apiv2][status] POST https://www.googleapis.com/oauth2/v3/token 200
[debug] [2024-07-15T05:03:49.670Z] <<< [apiv2][body] POST https://www.googleapis.com/oauth2/v3/token [omitted]
[debug] [2024-07-15T05:03:49.721Z] > command requires scopes: ["email","openid","https://www.googleapis.com/auth/cloudplatformprojects.readonly","https://www.googleapis.com/auth/firebase","https://www.googleapis.com/auth/cloud-platform"]
[debug] [2024-07-15T05:03:49.722Z] > authorizing via signed-in user (mc180406267@gmail.com)
[info] i  emulators: Starting emulators: functions {"metadata":{"emulator":{"name":"hub"},"message":"Starting emulators: functions"}}
[debug] [2024-07-15T05:03:49.744Z] [logging] Logging Emulator only supports listening on one address (127.0.0.1). Not listening on ::1
[debug] [2024-07-15T05:03:49.745Z] assigned listening specs for emulators {"user":{"hub":[{"address":"127.0.0.1","family":"IPv4","port":4400},{"address":"::1","family":"IPv6","port":4400}],"ui":[{"address":"127.0.0.1","family":"IPv4","port":4000},{"address":"::1","family":"IPv6","port":4000}],"logging":[{"address":"127.0.0.1","family":"IPv4","port":4500}]},"metadata":{"message":"assigned listening specs for emulators"}}
[warn] !  emulators: It seems that you are running multiple instances of the emulator suite for project crud-1d8b6. This may result in unexpected behavior. 
[debug] [2024-07-15T05:03:49.757Z] [hub] writing locator at C:\Users\DXB\AppData\Local\Temp\hub-crud-1d8b6.json
[debug] [2024-07-15T05:03:49.781Z] [functions] Functions Emulator only supports listening on one address (127.0.0.1). Not listening on ::1
[debug] [2024-07-15T05:03:49.781Z] [eventarc] Eventarc Emulator only supports listening on one address (127.0.0.1). Not listening on ::1
[debug] [2024-07-15T05:03:49.781Z] late-assigned ports for functions and eventarc emulators {"user":{"hub":[{"address":"127.0.0.1","family":"IPv4","port":4400},{"address":"::1","family":"IPv6","port":4400}],"ui":[{"address":"127.0.0.1","family":"IPv4","port":4000},{"address":"::1","family":"IPv6","port":4000}],"logging":[{"address":"127.0.0.1","family":"IPv4","port":4500}],"functions":[{"address":"127.0.0.1","family":"IPv4","port":5001}],"eventarc":[{"address":"127.0.0.1","family":"IPv4","port":9299}]},"metadata":{"message":"late-assigned ports for functions and eventarc emulators"}}
[warn] !  functions: The following emulators are not running, calls to these services from the Functions emulator will affect production: auth, firestore, database, hosting, pubsub, storage, dataconnect {"metadata":{"emulator":{"name":"functions"},"message":"The following emulators are not running, calls to these services from the Functions emulator will affect production: \u001b[1mauth, firestore, database, hosting, pubsub, storage, dataconnect\u001b[22m"}}
[debug] [2024-07-15T05:03:49.787Z] defaultcredentials: writing to file C:\Users\DXB\AppData\Roaming\firebase\mc180406267_gmail_com_application_default_credentials.json
[debug] [2024-07-15T05:03:49.789Z] Setting GAC to C:\Users\DXB\AppData\Roaming\firebase\mc180406267_gmail_com_application_default_credentials.json {"metadata":{"emulator":{"name":"functions"},"message":"Setting GAC to C:\\Users\\DXB\\AppData\\Roaming\\firebase\\mc180406267_gmail_com_application_default_credentials.json"}}
[debug] [2024-07-15T05:03:49.791Z] >>> [apiv2][query] GET https://firebase.googleapis.com/v1beta1/projects/crud-1d8b6/adminSdkConfig [none]
[debug] [2024-07-15T05:03:49.799Z] <<< [apiv2][status] GET https://firebase-public.firebaseio.com/cli.json 200
[debug] [2024-07-15T05:03:49.799Z] <<< [apiv2][body] GET https://firebase-public.firebaseio.com/cli.json {"cloudBuildErrorAfter":1594252800000,"cloudBuildWarnAfter":1590019200000,"defaultNode10After":1594252800000,"minVersion":"3.0.5","node8DeploysDisabledAfter":1613390400000,"node8RuntimeDisabledAfter":1615809600000,"node8WarnAfter":1600128000000}
[debug] [2024-07-15T05:03:50.646Z] <<< [apiv2][status] GET https://firebase.googleapis.com/v1beta1/projects/crud-1d8b6/adminSdkConfig 200
[debug] [2024-07-15T05:03:50.647Z] <<< [apiv2][body] GET https://firebase.googleapis.com/v1beta1/projects/crud-1d8b6/adminSdkConfig {"projectId":"crud-1d8b6","storageBucket":"crud-1d8b6.appspot.com"}
[debug] [2024-07-15T05:03:50.699Z] Ignoring unsupported arg: auto_download {"metadata":{"emulator":{"name":"ui"},"message":"Ignoring unsupported arg: auto_download"}}
[debug] [2024-07-15T05:03:50.700Z] Ignoring unsupported arg: port {"metadata":{"emulator":{"name":"ui"},"message":"Ignoring unsupported arg: port"}}
[debug] [2024-07-15T05:03:50.701Z] Starting Emulator UI with command {"binary":"node","args":["C:\\Users\\DXB\\.cache\\firebase\\emulators\\ui-v1.12.1\\server\\server.mjs"],"optionalArgs":[],"joinArgs":false,"shell":false} {"metadata":{"emulator":{"name":"ui"},"message":"Starting Emulator UI with command {\"binary\":\"node\",\"args\":[\"C:\\\\Users\\\\DXB\\\\.cache\\\\firebase\\\\emulators\\\\ui-v1.12.1\\\\server\\\\server.mjs\"],\"optionalArgs\":[],\"joinArgs\":false,\"shell\":false}"}}
[info] i  ui: Emulator UI logging to ui-debug.log {"metadata":{"emulator":{"name":"ui"},"message":"Emulator UI logging to \u001b[1mui-debug.log\u001b[22m"}}
[debug] [2024-07-15T05:03:51.269Z] Web / API server started at 127.0.0.1:4000
 {"metadata":{"emulator":{"name":"ui"},"message":"Web / API server started at 127.0.0.1:4000\n"}}
[debug] [2024-07-15T05:03:51.269Z] Web / API server started at ::1:4000
 {"metadata":{"emulator":{"name":"ui"},"message":"Web / API server started at ::1:4000\n"}}
[info] i  functions: Watching "C:\Users\DXB\Desktop\Angular\testing\functions" for Cloud Functions... {"metadata":{"emulator":{"name":"functions"},"message":"Watching \"C:\\Users\\DXB\\Desktop\\Angular\\testing\\functions\" for Cloud Functions..."}}
[debug] [2024-07-15T05:03:51.432Z] Validating nodejs source
[debug] [2024-07-15T05:03:58.211Z] > [functions] package.json contents: {
  "name": "functions",
  "scripts": {
    "lint": "eslint --ext .js,.ts .",
    "build": "tsc",
    "build:watch": "tsc --watch",
    "serve": "npm run build && firebase emulators:start --only functions",
    "shell": "npm run build && firebase functions:shell",
    "start": "npm run shell",
    "deploy": "firebase deploy --only functions",
    "logs": "firebase functions:log"
  },
  "engines": {
    "node": "20"
  },
  "main": "lib/index.js",
  "dependencies": {
    "firebase-admin": "^12.2.0",
    "firebase-functions": "^5.0.1"
  },
  "devDependencies": {
    "@typescript-eslint/eslint-plugin": "^5.12.0",
    "@typescript-eslint/parser": "^5.12.0",
    "eslint": "^8.9.0",
    "eslint-config-google": "^0.14.0",
    "eslint-plugin-import": "^2.25.4",
    "firebase-functions-test": "^3.1.0",
    "typescript": "^4.9.0"
  },
  "private": true
}
[debug] [2024-07-15T05:03:58.212Z] Building nodejs source
[debug] [2024-07-15T05:03:58.213Z] Failed to find version of module node: reached end of search path C:\Users\DXB\Desktop\Angular\testing\functions\node_modules
[info] +  functions: Using node@20 from host. 
[debug] [2024-07-15T05:03:58.219Z] Could not find functions.yaml. Must use http discovery
[debug] [2024-07-15T05:03:58.237Z] Found firebase-functions binary at 'C:\Users\DXB\Desktop\Angular\testing\functions\node_modules\.bin\firebase-functions'
[info] Serving at port 8867

[debug] [2024-07-15T05:04:08.158Z] Got response from /__/functions.yaml {"endpoints":{"helloWorld":{"availableMemoryMb":null,"timeoutSeconds":null,"minInstances":null,"maxInstances":null,"ingressSettings":null,"concurrency":null,"serviceAccountEmail":null,"vpc":null,"platform":"gcfv2","labels":{},"httpsTrigger":{},"entryPoint":"helloWorld"},"sendNotificationsToTopic":{"availableMemoryMb":null,"timeoutSeconds":null,"minInstances":null,"maxInstances":null,"ingressSettings":null,"concurrency":null,"serviceAccountEmail":null,"vpc":null,"platform":"gcfv2","labels":{},"eventTrigger":{"eventType":"google.cloud.firestore.document.v1.written","eventFilters":{"database":"(default)","namespace":"(default)"},"eventFilterPathPatterns":{"document":"users/{userId}"},"retry":false},"entryPoint":"sendNotificationsToTopic"}},"specVersion":"v1alpha1","requiredAPIs":[]}
[info] +  functions: Loaded functions definitions from source: helloWorld, sendNotificationsToTopic. {"metadata":{"emulator":{"name":"functions"},"message":"Loaded functions definitions from source: helloWorld, sendNotificationsToTopic."}}
[info] +  functions[us-central1-helloWorld]: http function initialized (http://127.0.0.1:5001/crud-1d8b6/us-central1/helloWorld). {"metadata":{"emulator":{"name":"functions"},"message":"\u001b[1mhttp\u001b[22m function initialized (http://127.0.0.1:5001/crud-1d8b6/us-central1/helloWorld)."}}
[info] i  functions[us-central1-sendNotificationsToTopic]: function ignored because the firestore emulator does not exist or is not running. {"metadata":{"emulator":{"name":"functions"},"message":"function ignored because the firestore emulator does not exist or is not running."}}
[info] 
┌─────────────────────────────────────────────────────────────┐
│ ✔  All emulators ready! It is now safe to connect your app. │
│ i  View Emulator UI at http://127.0.0.1:4000/               │
└─────────────────────────────────────────────────────────────┘

┌───────────┬────────────────┬─────────────────────────────────┐
│ Emulator  │ Host:Port      │ View in Emulator UI             │
├───────────┼────────────────┼─────────────────────────────────┤
│ Functions │ 127.0.0.1:5001 │ http://127.0.0.1:4000/functions │
└───────────┴────────────────┴─────────────────────────────────┘
  Emulator Hub running at 127.0.0.1:4400
  Other reserved ports: 4500

Issues? Report them at https://github.com/firebase/firebase-tools/issues and attach the *-debug.log files.
 
[debug] [2024-07-15T05:04:58.089Z] File C:\Users\DXB\Desktop\Angular\testing\functions\src\index.ts changed, reloading triggers {"metadata":{"emulator":{"name":"functions"},"message":"File C:\\Users\\DXB\\Desktop\\Angular\\testing\\functions\\src\\index.ts changed, reloading triggers"}}
[debug] [2024-07-15T05:04:59.095Z] Validating nodejs source
[debug] [2024-07-15T05:05:01.165Z] > [functions] package.json contents: {
  "name": "functions",
  "scripts": {
    "lint": "eslint --ext .js,.ts .",
    "build": "tsc",
    "build:watch": "tsc --watch",
    "serve": "npm run build && firebase emulators:start --only functions",
    "shell": "npm run build && firebase functions:shell",
    "start": "npm run shell",
    "deploy": "firebase deploy --only functions",
    "logs": "firebase functions:log"
  },
  "engines": {
    "node": "20"
  },
  "main": "lib/index.js",
  "dependencies": {
    "firebase-admin": "^12.2.0",
    "firebase-functions": "^5.0.1"
  },
  "devDependencies": {
    "@typescript-eslint/eslint-plugin": "^5.12.0",
    "@typescript-eslint/parser": "^5.12.0",
    "eslint": "^8.9.0",
    "eslint-config-google": "^0.14.0",
    "eslint-plugin-import": "^2.25.4",
    "firebase-functions-test": "^3.1.0",
    "typescript": "^4.9.0"
  },
  "private": true
}
[debug] [2024-07-15T05:05:01.165Z] Building nodejs source
[debug] [2024-07-15T05:05:01.165Z] Failed to find version of module node: reached end of search path C:\Users\DXB\Desktop\Angular\testing\functions\node_modules
[info] +  functions: Using node@20 from host. 
[debug] [2024-07-15T05:05:01.167Z] Could not find functions.yaml. Must use http discovery
[debug] [2024-07-15T05:05:01.174Z] Found firebase-functions binary at 'C:\Users\DXB\Desktop\Angular\testing\functions\node_modules\.bin\firebase-functions'
[info] Serving at port 8764

[debug] [2024-07-15T05:05:01.640Z] Got response from /__/functions.yaml {"endpoints":{"helloWorld":{"availableMemoryMb":null,"timeoutSeconds":null,"minInstances":null,"maxInstances":null,"ingressSettings":null,"concurrency":null,"serviceAccountEmail":null,"vpc":null,"platform":"gcfv2","labels":{},"httpsTrigger":{},"entryPoint":"helloWorld"},"sendNotificationsToTopic":{"availableMemoryMb":null,"timeoutSeconds":null,"minInstances":null,"maxInstances":null,"ingressSettings":null,"concurrency":null,"serviceAccountEmail":null,"vpc":null,"platform":"gcfv2","labels":{},"eventTrigger":{"eventType":"google.cloud.firestore.document.v1.written","eventFilters":{"database":"(default)","namespace":"(default)"},"eventFilterPathPatterns":{"document":"users/{userId}"},"retry":false},"entryPoint":"sendNotificationsToTopic"}},"specVersion":"v1alpha1","requiredAPIs":[]}
[info] +  functions: Loaded functions definitions from source: helloWorld, sendNotificationsToTopic. {"metadata":{"emulator":{"name":"functions"},"message":"Loaded functions definitions from source: helloWorld, sendNotificationsToTopic."}}
